c:\users\windows10-00\source\repos\carraylist\carraylist\debug\vc141.pdb
c:\users\windows10-00\source\repos\carraylist\carraylist\debug\vc141.idb
c:\users\windows10-00\source\repos\carraylist\carraylist\debug\main.obj
c:\users\windows10-00\source\repos\carraylist\debug\carraylist.pdb
c:\users\windows10-00\source\repos\carraylist\carraylist\debug\carraylist.tlog\cl.command.1.tlog
c:\users\windows10-00\source\repos\carraylist\carraylist\debug\carraylist.tlog\cl.read.1.tlog
c:\users\windows10-00\source\repos\carraylist\carraylist\debug\carraylist.tlog\cl.write.1.tlog
c:\users\windows10-00\source\repos\carraylist\carraylist\debug\carraylist.tlog\link-cvtres.read.1.tlog
c:\users\windows10-00\source\repos\carraylist\carraylist\debug\carraylist.tlog\link-cvtres.write.1.tlog
c:\users\windows10-00\source\repos\carraylist\carraylist\debug\carraylist.tlog\link-rc.read.1.tlog
c:\users\windows10-00\source\repos\carraylist\carraylist\debug\carraylist.tlog\link-rc.write.1.tlog
c:\users\windows10-00\source\repos\carraylist\carraylist\debug\carraylist.tlog\link.14148-cvtres.read.1.tlog
c:\users\windows10-00\source\repos\carraylist\carraylist\debug\carraylist.tlog\link.14148-cvtres.write.1.tlog
c:\users\windows10-00\source\repos\carraylist\carraylist\debug\carraylist.tlog\link.14148-rc.read.1.tlog
c:\users\windows10-00\source\repos\carraylist\carraylist\debug\carraylist.tlog\link.14148-rc.write.1.tlog
c:\users\windows10-00\source\repos\carraylist\carraylist\debug\carraylist.tlog\link.14148.read.1.tlog
c:\users\windows10-00\source\repos\carraylist\carraylist\debug\carraylist.tlog\link.14148.write.1.tlog
c:\users\windows10-00\source\repos\carraylist\carraylist\debug\carraylist.tlog\link.command.1.tlog
c:\users\windows10-00\source\repos\carraylist\carraylist\debug\carraylist.tlog\link.read.1.tlog
c:\users\windows10-00\source\repos\carraylist\carraylist\debug\carraylist.tlog\link.write.1.tlog
